[  0%] Built target geometry_msgs_generate_messages_lisp
[  0%] Built target geographic_msgs_generate_messages_py
[  0%] Built target geographic_msgs_generate_messages_lisp
[  0%] Built target geographic_msgs_generate_messages_nodejs
[  0%] Built target geographic_msgs_generate_messages_cpp
[  0%] Built target std_msgs_generate_messages_cpp
[  0%] Built target geometry_msgs_generate_messages_cpp
[  0%] Built target geometry_msgs_generate_messages_py
[  0%] Built target geographic_msgs_generate_messages_eus
[  0%] Built target std_msgs_generate_messages_py
[  0%] Built target std_msgs_generate_messages_lisp
[  0%] Built target std_msgs_generate_messages_eus
[  0%] Built target geometry_msgs_generate_messages_eus
[  0%] Built target std_msgs_generate_messages_nodejs
[  0%] Built target geometry_msgs_generate_messages_nodejs
[  4%] Built target test_ros_robot_localization_listener_publisher
[  8%] Built target filter_utilities
[ 12%] Built target ros_filter_utilities
[ 12%] Built target _jackal_robot_localization_generate_messages_check_deps_SetPose
[ 12%] Built target _jackal_robot_localization_generate_messages_check_deps_SetDatum
[ 12%] Built target _jackal_robot_localization_generate_messages_check_deps_GetState
[ 12%] Built target _jackal_robot_localization_generate_messages_check_deps_ToggleFilterProcessing
[ 22%] Built target jackal_robot_localization_generate_messages_eus
[ 32%] Built target jackal_robot_localization_generate_messages_py
[ 40%] Built target jackal_robot_localization_generate_messages_cpp
[ 48%] Built target jackal_robot_localization_generate_messages_lisp
[ 56%] Built target jackal_robot_localization_generate_messages_nodejs
[ 56%] Built target jackal_robot_localization_gencpp
[ 56%] Built target jackal_robot_localization_generate_messages
[ 60%] Built target filter_base
[ 64%] Built target navsat_transform
[ 68%] Built target ukf
[ 72%] Built target ekf
[ 76%] Built target navsat_transform_node
[ 80%] Built target robot_localization_estimator
[ 84%] Built target ros_filter
[ 88%] Built target ekf_localization_node
[ 92%] Built target ros_robot_localization_listener
[ 96%] Built target ukf_localization_node
[100%] Built target robot_localization_listener_node
