[35m[1mScanning dependencies of target _jackal_robot_localization_generate_messages_check_deps_GetState[0m
[35m[1mScanning dependencies of target filter_utilities[0m
[35m[1mScanning dependencies of target geometry_msgs_generate_messages_nodejs[0m
[35m[1mScanning dependencies of target std_msgs_generate_messages_lisp[0m
[35m[1mScanning dependencies of target std_msgs_generate_messages_cpp[0m
[35m[1mScanning dependencies of target _jackal_robot_localization_generate_messages_check_deps_SetPose[0m
[35m[1mScanning dependencies of target geographic_msgs_generate_messages_lisp[0m
[35m[1mScanning dependencies of target std_msgs_generate_messages_eus[0m
[35m[1mScanning dependencies of target geometry_msgs_generate_messages_eus[0m
[35m[1mScanning dependencies of target geographic_msgs_generate_messages_py[0m
[35m[1mScanning dependencies of target std_msgs_generate_messages_nodejs[0m
[35m[1mScanning dependencies of target ros_filter_utilities[0m
[35m[1mScanning dependencies of target test_ros_robot_localization_listener_publisher[0m
[35m[1mScanning dependencies of target _jackal_robot_localization_generate_messages_check_deps_SetDatum[0m
[35m[1mScanning dependencies of target std_msgs_generate_messages_py[0m
[35m[1mScanning dependencies of target geometry_msgs_generate_messages_lisp[0m
[35m[1mScanning dependencies of target _jackal_robot_localization_generate_messages_check_deps_ToggleFilterProcessing[0m
[35m[1mScanning dependencies of target geographic_msgs_generate_messages_cpp[0m
[35m[1mScanning dependencies of target geometry_msgs_generate_messages_cpp[0m
[35m[1mScanning dependencies of target geographic_msgs_generate_messages_nodejs[0m
[35m[1mScanning dependencies of target geographic_msgs_generate_messages_eus[0m
[35m[1mScanning dependencies of target geometry_msgs_generate_messages_py[0m
[  0%] Built target std_msgs_generate_messages_lisp
[  0%] Built target std_msgs_generate_messages_cpp
[  0%] Built target geographic_msgs_generate_messages_py
[  0%] Built target std_msgs_generate_messages_nodejs
[  0%] Built target std_msgs_generate_messages_py
[  0%] Built target geometry_msgs_generate_messages_lisp
[  0%] Built target geographic_msgs_generate_messages_lisp
[  0%] Built target geometry_msgs_generate_messages_nodejs
[  0%] Built target geometry_msgs_generate_messages_eus
[  0%] Built target std_msgs_generate_messages_eus
[  0%] Built target geographic_msgs_generate_messages_cpp
[  0%] Built target geometry_msgs_generate_messages_py
[  0%] Built target geographic_msgs_generate_messages_eus
[  0%] Built target geographic_msgs_generate_messages_nodejs
[  0%] Built target geometry_msgs_generate_messages_cpp
[  2%] [32mBuilding CXX object CMakeFiles/test_ros_robot_localization_listener_publisher.dir/test/test_ros_robot_localization_listener_publisher.cpp.o[0m
[  4%] [32mBuilding CXX object CMakeFiles/filter_utilities.dir/src/filter_utilities.cpp.o[0m
[  4%] Built target _jackal_robot_localization_generate_messages_check_deps_GetState
[  6%] [32mBuilding CXX object CMakeFiles/ros_filter_utilities.dir/src/ros_filter_utilities.cpp.o[0m
[  6%] Built target _jackal_robot_localization_generate_messages_check_deps_SetPose
[  6%] Built target _jackal_robot_localization_generate_messages_check_deps_ToggleFilterProcessing
[  6%] Built target _jackal_robot_localization_generate_messages_check_deps_SetDatum
[35m[1mScanning dependencies of target jackal_robot_localization_generate_messages_cpp[0m
[35m[1mScanning dependencies of target jackal_robot_localization_generate_messages_nodejs[0m
[35m[1mScanning dependencies of target jackal_robot_localization_generate_messages_lisp[0m
[35m[1mScanning dependencies of target jackal_robot_localization_generate_messages_py[0m
[35m[1mScanning dependencies of target jackal_robot_localization_generate_messages_eus[0m
[ 10%] [34m[1mGenerating Lisp code from jackal_robot_localization/SetPose.srv[0m
[ 10%] [34m[1mGenerating C++ code from jackal_robot_localization/GetState.srv[0m
[ 12%] [34m[1mGenerating Lisp code from jackal_robot_localization/GetState.srv[0m
[ 14%] [34m[1mGenerating C++ code from jackal_robot_localization/SetDatum.srv[0m
[ 22%] [34m[1mGenerating Lisp code from jackal_robot_localization/SetDatum.srv[0m
[ 22%] [34m[1mGenerating Lisp code from jackal_robot_localization/ToggleFilterProcessing.srv[0m
[ 22%] [34m[1mGenerating Python code from SRV jackal_robot_localization/GetState[0m
[ 22%] [34m[1mGenerating Javascript code from jackal_robot_localization/GetState.srv[0m
[ 24%] [34m[1mGenerating Javascript code from jackal_robot_localization/SetDatum.srv[0m
[ 26%] [34m[1mGenerating Python code from SRV jackal_robot_localization/SetDatum[0m
[ 28%] [34m[1mGenerating Javascript code from jackal_robot_localization/SetPose.srv[0m
[ 30%] [34m[1mGenerating Python code from SRV jackal_robot_localization/ToggleFilterProcessing[0m
[ 32%] [34m[1mGenerating Python code from SRV jackal_robot_localization/SetPose[0m
[ 34%] [34m[1mGenerating C++ code from jackal_robot_localization/ToggleFilterProcessing.srv[0m
[ 36%] [34m[1mGenerating C++ code from jackal_robot_localization/SetPose.srv[0m
[ 38%] [34m[1mGenerating EusLisp code from jackal_robot_localization/GetState.srv[0m
[ 40%] [34m[1mGenerating EusLisp code from jackal_robot_localization/SetPose.srv[0m
[ 42%] [34m[1mGenerating Javascript code from jackal_robot_localization/ToggleFilterProcessing.srv[0m
[ 48%] [34m[1mGenerating EusLisp code from jackal_robot_localization/ToggleFilterProcessing.srv[0m
[ 48%] [34m[1mGenerating EusLisp manifest code for jackal_robot_localization[0m
[ 48%] [34m[1mGenerating EusLisp code from jackal_robot_localization/SetDatum.srv[0m
[ 48%] Built target jackal_robot_localization_generate_messages_lisp
[ 48%] Built target jackal_robot_localization_generate_messages_nodejs
[ 50%] [34m[1mGenerating Python srv __init__.py for jackal_robot_localization[0m
[ 50%] Built target jackal_robot_localization_generate_messages_cpp
[35m[1mScanning dependencies of target jackal_robot_localization_gencpp[0m
[ 50%] Built target jackal_robot_localization_gencpp
[ 50%] Built target jackal_robot_localization_generate_messages_py
[ 50%] Built target jackal_robot_localization_generate_messages_eus
[35m[1mScanning dependencies of target jackal_robot_localization_generate_messages[0m
[ 50%] Built target jackal_robot_localization_generate_messages
[ 52%] [32m[1mLinking CXX shared library /home/irsg/Multi-UGV/devel/.private/jackal_robot_localization/lib/libfilter_utilities.so[0m
[ 52%] Built target filter_utilities
[35m[1mScanning dependencies of target filter_base[0m
[ 54%] [32mBuilding CXX object CMakeFiles/filter_base.dir/src/filter_base.cpp.o[0m
[ 56%] [32m[1mLinking CXX executable /home/irsg/Multi-UGV/devel/.private/jackal_robot_localization/lib/jackal_robot_localization/test_ros_robot_localization_listener_publisher[0m
[ 56%] Built target test_ros_robot_localization_listener_publisher
[ 58%] [32m[1mLinking CXX shared library /home/irsg/Multi-UGV/devel/.private/jackal_robot_localization/lib/libros_filter_utilities.so[0m
[ 58%] Built target ros_filter_utilities
[35m[1mScanning dependencies of target navsat_transform[0m
[ 60%] [32m[1mLinking CXX shared library /home/irsg/Multi-UGV/devel/.private/jackal_robot_localization/lib/libfilter_base.so[0m
[ 62%] [32mBuilding CXX object CMakeFiles/navsat_transform.dir/src/navsat_transform.cpp.o[0m
[ 62%] Built target filter_base
[35m[1mScanning dependencies of target ekf[0m
[35m[1mScanning dependencies of target ukf[0m
[ 64%] [32mBuilding CXX object CMakeFiles/ekf.dir/src/ekf.cpp.o[0m
[ 66%] [32mBuilding CXX object CMakeFiles/ukf.dir/src/ukf.cpp.o[0m
[ 68%] [32m[1mLinking CXX shared library /home/irsg/Multi-UGV/devel/.private/jackal_robot_localization/lib/libekf.so[0m
[ 68%] Built target ekf
[ 70%] [32m[1mLinking CXX shared library /home/irsg/Multi-UGV/devel/.private/jackal_robot_localization/lib/libukf.so[0m
[ 70%] Built target ukf
[35m[1mScanning dependencies of target robot_localization_estimator[0m
[35m[1mScanning dependencies of target ros_filter[0m
[ 72%] [32mBuilding CXX object CMakeFiles/robot_localization_estimator.dir/src/robot_localization_estimator.cpp.o[0m
[ 74%] [32mBuilding CXX object CMakeFiles/ros_filter.dir/src/ros_filter.cpp.o[0m
[ 76%] [32m[1mLinking CXX shared library /home/irsg/Multi-UGV/devel/.private/jackal_robot_localization/lib/libnavsat_transform.so[0m
[ 78%] [32m[1mLinking CXX shared library /home/irsg/Multi-UGV/devel/.private/jackal_robot_localization/lib/librobot_localization_estimator.so[0m
[ 78%] Built target navsat_transform
[35m[1mScanning dependencies of target navsat_transform_node[0m
[ 80%] [32mBuilding CXX object CMakeFiles/navsat_transform_node.dir/src/navsat_transform_node.cpp.o[0m
[ 80%] Built target robot_localization_estimator
[35m[1mScanning dependencies of target ros_robot_localization_listener[0m
[ 82%] [32mBuilding CXX object CMakeFiles/ros_robot_localization_listener.dir/src/ros_robot_localization_listener.cpp.o[0m
[ 84%] [32m[1mLinking CXX executable /home/irsg/Multi-UGV/devel/.private/jackal_robot_localization/lib/jackal_robot_localization/navsat_transform_node[0m
[ 84%] Built target navsat_transform_node
[ 86%] [32m[1mLinking CXX shared library /home/irsg/Multi-UGV/devel/.private/jackal_robot_localization/lib/libros_filter.so[0m
[ 86%] Built target ros_filter
[35m[1mScanning dependencies of target ekf_localization_node[0m
[35m[1mScanning dependencies of target ukf_localization_node[0m
[ 88%] [32mBuilding CXX object CMakeFiles/ekf_localization_node.dir/src/ekf_localization_node.cpp.o[0m
[ 90%] [32mBuilding CXX object CMakeFiles/ukf_localization_node.dir/src/ukf_localization_node.cpp.o[0m
[ 92%] [32m[1mLinking CXX shared library /home/irsg/Multi-UGV/devel/.private/jackal_robot_localization/lib/libros_robot_localization_listener.so[0m
[ 92%] Built target ros_robot_localization_listener
[35m[1mScanning dependencies of target robot_localization_listener_node[0m
[ 94%] [32mBuilding CXX object CMakeFiles/robot_localization_listener_node.dir/src/robot_localization_listener_node.cpp.o[0m
[ 96%] [32m[1mLinking CXX executable /home/irsg/Multi-UGV/devel/.private/jackal_robot_localization/lib/jackal_robot_localization/ekf_localization_node[0m
[ 98%] [32m[1mLinking CXX executable /home/irsg/Multi-UGV/devel/.private/jackal_robot_localization/lib/jackal_robot_localization/ukf_localization_node[0m
[ 98%] Built target ekf_localization_node
[ 98%] Built target ukf_localization_node
[100%] [32m[1mLinking CXX executable /home/irsg/Multi-UGV/devel/.private/jackal_robot_localization/lib/jackal_robot_localization/robot_localization_listener_node[0m
[100%] Built target robot_localization_listener_node
