Symlinking /home/irsg/Multi-UGV/devel/share/jackal_robot_localization/cmake/jackal_robot_localizationConfig.cmake
Symlinking /home/irsg/Multi-UGV/devel/share/jackal_robot_localization/cmake/jackal_robot_localization-msg-paths.cmake
Symlinking /home/irsg/Multi-UGV/devel/share/jackal_robot_localization/cmake/jackal_robot_localizationConfig-version.cmake
Symlinking /home/irsg/Multi-UGV/devel/share/jackal_robot_localization/cmake/jackal_robot_localization-msg-extras.cmake
Symlinking /home/irsg/Multi-UGV/devel/share/gennodejs/ros/jackal_robot_localization/_index.js
Symlinking /home/irsg/Multi-UGV/devel/share/gennodejs/ros/jackal_robot_localization/srv/_index.js
Symlinking /home/irsg/Multi-UGV/devel/share/gennodejs/ros/jackal_robot_localization/srv/GetState.js
Symlinking /home/irsg/Multi-UGV/devel/share/gennodejs/ros/jackal_robot_localization/srv/SetPose.js
Symlinking /home/irsg/Multi-UGV/devel/share/gennodejs/ros/jackal_robot_localization/srv/ToggleFilterProcessing.js
Symlinking /home/irsg/Multi-UGV/devel/share/gennodejs/ros/jackal_robot_localization/srv/SetDatum.js
Symlinking /home/irsg/Multi-UGV/devel/share/common-lisp/ros/jackal_robot_localization/srv/_package_SetDatum.lisp
Symlinking /home/irsg/Multi-UGV/devel/share/common-lisp/ros/jackal_robot_localization/srv/GetState.lisp
Symlinking /home/irsg/Multi-UGV/devel/share/common-lisp/ros/jackal_robot_localization/srv/_package_ToggleFilterProcessing.lisp
Symlinking /home/irsg/Multi-UGV/devel/share/common-lisp/ros/jackal_robot_localization/srv/_package_GetState.lisp
Symlinking /home/irsg/Multi-UGV/devel/share/common-lisp/ros/jackal_robot_localization/srv/ToggleFilterProcessing.lisp
Symlinking /home/irsg/Multi-UGV/devel/share/common-lisp/ros/jackal_robot_localization/srv/SetDatum.lisp
Symlinking /home/irsg/Multi-UGV/devel/share/common-lisp/ros/jackal_robot_localization/srv/_package_SetPose.lisp
Symlinking /home/irsg/Multi-UGV/devel/share/common-lisp/ros/jackal_robot_localization/srv/jackal_robot_localization-srv.asd
Symlinking /home/irsg/Multi-UGV/devel/share/common-lisp/ros/jackal_robot_localization/srv/_package.lisp
Symlinking /home/irsg/Multi-UGV/devel/share/common-lisp/ros/jackal_robot_localization/srv/SetPose.lisp
Symlinking /home/irsg/Multi-UGV/devel/share/roseus/ros/jackal_robot_localization/manifest.l
Symlinking /home/irsg/Multi-UGV/devel/share/roseus/ros/jackal_robot_localization/srv/SetDatum.l
Symlinking /home/irsg/Multi-UGV/devel/share/roseus/ros/jackal_robot_localization/srv/GetState.l
Symlinking /home/irsg/Multi-UGV/devel/share/roseus/ros/jackal_robot_localization/srv/SetPose.l
Symlinking /home/irsg/Multi-UGV/devel/share/roseus/ros/jackal_robot_localization/srv/ToggleFilterProcessing.l
Symlinking /home/irsg/Multi-UGV/devel/include/jackal_robot_localization/GetStateRequest.h
Symlinking /home/irsg/Multi-UGV/devel/include/jackal_robot_localization/SetDatum.h
Symlinking /home/irsg/Multi-UGV/devel/include/jackal_robot_localization/SetPose.h
Symlinking /home/irsg/Multi-UGV/devel/include/jackal_robot_localization/ToggleFilterProcessing.h
Symlinking /home/irsg/Multi-UGV/devel/include/jackal_robot_localization/GetStateResponse.h
Symlinking /home/irsg/Multi-UGV/devel/include/jackal_robot_localization/GetState.h
Symlinking /home/irsg/Multi-UGV/devel/include/jackal_robot_localization/SetPoseRequest.h
Symlinking /home/irsg/Multi-UGV/devel/include/jackal_robot_localization/ToggleFilterProcessingResponse.h
Symlinking /home/irsg/Multi-UGV/devel/include/jackal_robot_localization/SetDatumRequest.h
Symlinking /home/irsg/Multi-UGV/devel/include/jackal_robot_localization/ToggleFilterProcessingRequest.h
Symlinking /home/irsg/Multi-UGV/devel/include/jackal_robot_localization/SetDatumResponse.h
Symlinking /home/irsg/Multi-UGV/devel/include/jackal_robot_localization/SetPoseResponse.h
Symlinking /home/irsg/Multi-UGV/devel/lib/libros_filter.so
Symlinking /home/irsg/Multi-UGV/devel/lib/libukf.so
Symlinking /home/irsg/Multi-UGV/devel/lib/librobot_localization_estimator.so
Symlinking /home/irsg/Multi-UGV/devel/lib/libfilter_utilities.so
Symlinking /home/irsg/Multi-UGV/devel/lib/libros_robot_localization_listener.so
Symlinking /home/irsg/Multi-UGV/devel/lib/libros_filter_utilities.so
Symlinking /home/irsg/Multi-UGV/devel/lib/libnavsat_transform.so
Symlinking /home/irsg/Multi-UGV/devel/lib/libfilter_base.so
Symlinking /home/irsg/Multi-UGV/devel/lib/libekf.so
Symlinking /home/irsg/Multi-UGV/devel/lib/pkgconfig/jackal_robot_localization.pc
Symlinking /home/irsg/Multi-UGV/devel/lib/python3/dist-packages/jackal_robot_localization/__init__.py
Symlinking /home/irsg/Multi-UGV/devel/lib/python3/dist-packages/jackal_robot_localization/srv/__init__.py
Symlinking /home/irsg/Multi-UGV/devel/lib/python3/dist-packages/jackal_robot_localization/srv/_SetPose.py
Symlinking /home/irsg/Multi-UGV/devel/lib/python3/dist-packages/jackal_robot_localization/srv/_SetDatum.py
Symlinking /home/irsg/Multi-UGV/devel/lib/python3/dist-packages/jackal_robot_localization/srv/_GetState.py
Symlinking /home/irsg/Multi-UGV/devel/lib/python3/dist-packages/jackal_robot_localization/srv/_ToggleFilterProcessing.py
Symlinking /home/irsg/Multi-UGV/devel/lib/jackal_robot_localization/test_ros_robot_localization_listener_publisher
Symlinking /home/irsg/Multi-UGV/devel/lib/jackal_robot_localization/ukf_localization_node
Symlinking /home/irsg/Multi-UGV/devel/lib/jackal_robot_localization/navsat_transform_node
Symlinking /home/irsg/Multi-UGV/devel/lib/jackal_robot_localization/ekf_localization_node
Symlinking /home/irsg/Multi-UGV/devel/lib/jackal_robot_localization/robot_localization_listener_node
