[35m[1mScanning dependencies of target sensor_msgs_generate_messages_py[0m
[35m[1mScanning dependencies of target diagnostic_msgs_generate_messages_lisp[0m
[35m[1mScanning dependencies of target sensor_msgs_generate_messages_cpp[0m
[35m[1mScanning dependencies of target sensor_msgs_generate_messages_eus[0m
[35m[1mScanning dependencies of target diagnostic_msgs_generate_messages_cpp[0m
[35m[1mScanning dependencies of target diagnostic_msgs_generate_messages_eus[0m
[35m[1mScanning dependencies of target geometry_msgs_generate_messages_nodejs[0m
[35m[1mScanning dependencies of target std_msgs_generate_messages_cpp[0m
[35m[1mScanning dependencies of target diagnostic_msgs_generate_messages_py[0m
[35m[1mScanning dependencies of target sensor_msgs_generate_messages_lisp[0m
[35m[1mScanning dependencies of target geometry_msgs_generate_messages_lisp[0m
[35m[1mScanning dependencies of target _core_msgs_generate_messages_check_deps_MapInfo[0m
[35m[1mScanning dependencies of target std_msgs_generate_messages_nodejs[0m
[35m[1mScanning dependencies of target geometry_msgs_generate_messages_eus[0m
[35m[1mScanning dependencies of target geometry_msgs_generate_messages_cpp[0m
[35m[1mScanning dependencies of target std_msgs_generate_messages_eus[0m
[35m[1mScanning dependencies of target std_msgs_generate_messages_lisp[0m
[35m[1mScanning dependencies of target std_msgs_generate_messages_py[0m
[35m[1mScanning dependencies of target geometry_msgs_generate_messages_py[0m
[35m[1mScanning dependencies of target diagnostic_msgs_generate_messages_nodejs[0m
[35m[1mScanning dependencies of target sensor_msgs_generate_messages_nodejs[0m
[  0%] Built target diagnostic_msgs_generate_messages_cpp
[  0%] Built target sensor_msgs_generate_messages_py
[  0%] Built target sensor_msgs_generate_messages_cpp
[  0%] Built target diagnostic_msgs_generate_messages_lisp
[  0%] Built target sensor_msgs_generate_messages_lisp
[  0%] Built target diagnostic_msgs_generate_messages_py
[  0%] Built target sensor_msgs_generate_messages_eus
[  0%] Built target diagnostic_msgs_generate_messages_eus
[  0%] Built target geometry_msgs_generate_messages_cpp
[  0%] Built target geometry_msgs_generate_messages_nodejs
[  0%] Built target std_msgs_generate_messages_nodejs
[  0%] Built target geometry_msgs_generate_messages_lisp
[  0%] Built target std_msgs_generate_messages_cpp
[  0%] Built target geometry_msgs_generate_messages_eus
[  0%] Built target std_msgs_generate_messages_lisp
[  0%] Built target std_msgs_generate_messages_py
[  0%] Built target std_msgs_generate_messages_eus
[  0%] Built target geometry_msgs_generate_messages_py
[  0%] Built target diagnostic_msgs_generate_messages_nodejs
[  0%] Built target sensor_msgs_generate_messages_nodejs
[  0%] Built target _core_msgs_generate_messages_check_deps_MapInfo
[35m[1mScanning dependencies of target core_msgs_generate_messages_eus[0m
[35m[1mScanning dependencies of target core_msgs_generate_messages_nodejs[0m
[35m[1mScanning dependencies of target core_msgs_generate_messages_cpp[0m
[35m[1mScanning dependencies of target core_msgs_generate_messages_lisp[0m
[35m[1mScanning dependencies of target core_msgs_generate_messages_py[0m
[ 14%] [34m[1mGenerating EusLisp manifest code for core_msgs[0m
[ 28%] [34m[1mGenerating Javascript code from core_msgs/MapInfo.msg[0m
[ 57%] [34m[1mGenerating C++ code from core_msgs/MapInfo.msg[0m
[ 57%] [34m[1mGenerating EusLisp code from core_msgs/MapInfo.msg[0m
[ 71%] [34m[1mGenerating Python from MSG core_msgs/MapInfo[0m
[ 85%] [34m[1mGenerating Lisp code from core_msgs/MapInfo.msg[0m
[ 85%] Built target core_msgs_generate_messages_nodejs
[ 85%] Built target core_msgs_generate_messages_lisp
[ 85%] Built target core_msgs_generate_messages_cpp
[100%] [34m[1mGenerating Python msg __init__.py for core_msgs[0m
[100%] Built target core_msgs_generate_messages_py
[100%] Built target core_msgs_generate_messages_eus
[35m[1mScanning dependencies of target core_msgs_generate_messages[0m
[100%] Built target core_msgs_generate_messages
