Not searching for unused variables given on the command line.
CMake Warning (dev) at CMakeLists.txt:2 (project):
  Policy CMP0048 is not set: project() command manages VERSION variables.
  Run "cmake --help-policy CMP0048" for policy details.  Use the cmake_policy
  command to set the policy and suppress this warning.

  The following variable(s) would be set to empty:

    CMAKE_PROJECT_VERSION
    CMAKE_PROJECT_VERSION_MAJOR
    CMAKE_PROJECT_VERSION_MINOR
    CMAKE_PROJECT_VERSION_PATCH
This warning is for project developers.  Use -Wno-dev to suppress it.

[36m--[0m Using CATKIN_DEVEL_PREFIX: /home/irsg/Multi-UGV/devel/.private/multi_jackal_control
[36m--[0m Using CMAKE_PREFIX_PATH: /home/irsg/Multi-UGV/devel;/home/irsg/workspace/devel;/home/irsg/mrs_workspace/devel;/opt/ros/noetic
[36m--[0m This workspace overlays: /home/irsg/Multi-UGV/devel;/home/irsg/workspace/devel;/home/irsg/mrs_workspace/devel;/opt/ros/noetic
[36m--[0m Found PythonInterp: /usr/bin/python3 (found suitable version "3.8.10", minimum required is "3")
[36m--[0m Using PYTHON_EXECUTABLE: /usr/bin/python3
[36m--[0m Using Debian Python package layout
[36m--[0m Using empy: /usr/lib/python3/dist-packages/em.py
[36m--[0m Using CATKIN_ENABLE_TESTING: ON
[36m--[0m Call enable_testing()
[36m--[0m Using CATKIN_TEST_RESULTS_DIR: /home/irsg/Multi-UGV/build/multi_jackal_control/test_results
[36m--[0m Forcing gtest/gmock from source, though one was otherwise available.
[36m--[0m Found gtest sources under '/usr/src/googletest': gtests will be built
[36m--[0m Found gmock sources under '/usr/src/googletest': gmock will be built
[36m--[0m Found PythonInterp: /usr/bin/python3 (found version "3.8.10")
[36m--[0m Using Python nosetests: /usr/bin/nosetests3
[36m--[0m catkin 0.8.10
[36m--[0m BUILD_SHARED_LIBS is on
[36m--[0m Using these message generators: gencpp;geneus;genlisp;gennodejs;genpy
[36m--[0m Could NOT find hector_gazebo_plugins (missing: hector_gazebo_plugins_DIR)
[36m--[0m Could not find the required component 'hector_gazebo_plugins'. The following CMake error indicates that you either need to install the package with the same name or change your environment so that it can be found.
[31m[1mCMake Error[0m at /opt/ros/noetic/share/catkin/cmake/catkinConfig.cmake:83 (find_package):
  Could not find a package configuration file provided by
  "hector_gazebo_plugins" with any of the following names:

    hector_gazebo_pluginsConfig.cmake
    hector_gazebo_plugins-config.cmake

  Add the installation prefix of "hector_gazebo_plugins" to CMAKE_PREFIX_PATH
  or set "hector_gazebo_plugins_DIR" to a directory containing one of the
  above files.  If "hector_gazebo_plugins" provides a separate development
  package or SDK, be sure it has been installed.
[36mCall Stack (most recent call first):[0m
  CMakeLists.txt:7 (find_package)


[36m--[0m Configuring incomplete, errors occurred!
See also "/home/irsg/Multi-UGV/build/multi_jackal_control/CMakeFiles/CMakeOutput.log".
See also "/home/irsg/Multi-UGV/build/multi_jackal_control/CMakeFiles/CMakeError.log".
