[35m[1mScanning dependencies of target _coordinates_waypoint_manager_generate_messages_check_deps_WaypointRequest[0m
[35m[1mScanning dependencies of target std_msgs_generate_messages_eus[0m
[35m[1mScanning dependencies of target std_msgs_generate_messages_lisp[0m
[35m[1mScanning dependencies of target std_msgs_generate_messages_cpp[0m
[35m[1mScanning dependencies of target std_msgs_generate_messages_py[0m
[35m[1mScanning dependencies of target std_msgs_generate_messages_nodejs[0m
[  0%] Built target std_msgs_generate_messages_eus
[  0%] Built target std_msgs_generate_messages_cpp
[  0%] Built target std_msgs_generate_messages_nodejs
[  0%] Built target std_msgs_generate_messages_lisp
[  0%] Built target std_msgs_generate_messages_py
[  0%] Built target _coordinates_waypoint_manager_generate_messages_check_deps_WaypointRequest
[35m[1mScanning dependencies of target coordinates_waypoint_manager_generate_messages_nodejs[0m
[35m[1mScanning dependencies of target coordinates_waypoint_manager_generate_messages_eus[0m
[35m[1mScanning dependencies of target coordinates_waypoint_manager_generate_messages_py[0m
[35m[1mScanning dependencies of target coordinates_waypoint_manager_generate_messages_lisp[0m
[35m[1mScanning dependencies of target coordinates_waypoint_manager_generate_messages_cpp[0m
[ 14%] [34m[1mGenerating Javascript code from coordinates_waypoint_manager/WaypointRequest.msg[0m
[ 28%] [34m[1mGenerating EusLisp code from coordinates_waypoint_manager/WaypointRequest.msg[0m
[ 42%] [34m[1mGenerating Lisp code from coordinates_waypoint_manager/WaypointRequest.msg[0m
[ 57%] [34m[1mGenerating EusLisp manifest code for coordinates_waypoint_manager[0m
[ 71%] [34m[1mGenerating Python from MSG coordinates_waypoint_manager/WaypointRequest[0m
[ 85%] [34m[1mGenerating C++ code from coordinates_waypoint_manager/WaypointRequest.msg[0m
[ 85%] Built target coordinates_waypoint_manager_generate_messages_nodejs
[ 85%] Built target coordinates_waypoint_manager_generate_messages_lisp
[ 85%] Built target coordinates_waypoint_manager_generate_messages_cpp
[100%] [34m[1mGenerating Python msg __init__.py for coordinates_waypoint_manager[0m
[100%] Built target coordinates_waypoint_manager_generate_messages_py
[100%] Built target coordinates_waypoint_manager_generate_messages_eus
[35m[1mScanning dependencies of target coordinates_waypoint_manager_generate_messages[0m
[100%] Built target coordinates_waypoint_manager_generate_messages
